<?xml version="1.0" encoding="UTF-8"?>
<!-- Generated by org.testng.reporters.JUnitReportReporter -->
<testsuite skipped="0" hostname="IN5CG6434YRX" name="qaclickacademy.SeleniumTest" tests="2" failures="0" timestamp="14 Apr 2019 10:12:34 GMT" time="0.001" errors="0">
  <testcase name="BrowserCloseTest" time="0.000" classname="qaclickacademy.SeleniumTest"/>
  <testcase name="BrowserLaunchTest" time="0.001" classname="qaclickacademy.SeleniumTest"/>
</testsuite> <!-- qaclickacademy.SeleniumTest -->
