<?xml version="1.0" encoding="UTF-8"?>
<!-- Generated by org.testng.reporters.JUnitReportReporter -->
<testsuite skipped="0" hostname="IN5CG6434YRX" name="qaclickacademy.AppiumTest" tests="3" failures="0" timestamp="14 Apr 2019 10:12:34 GMT" time="0.027" errors="0">
  <testcase name="WebAppTest" time="0.000" classname="qaclickacademy.AppiumTest"/>
  <testcase name="NativeAppTest" time="0.001" classname="qaclickacademy.AppiumTest"/>
  <testcase name="HybidAppTest" time="0.026" classname="qaclickacademy.AppiumTest"/>
</testsuite> <!-- qaclickacademy.AppiumTest -->
