<?xml version="1.0" encoding="UTF-8"?>
<!-- Generated by org.testng.reporters.JUnitReportReporter -->
<testsuite skipped="0" hostname="IN5CG6434YRX" name="qaclickacademy.RESTAPITest" tests="2" failures="0" timestamp="14 Apr 2019 10:12:34 GMT" time="0.000" errors="0">
  <testcase name="SoapuiTest" time="0.000" classname="qaclickacademy.RESTAPITest"/>
  <testcase name="RestApiTest" time="0.000" classname="qaclickacademy.RESTAPITest"/>
</testsuite> <!-- qaclickacademy.RESTAPITest -->
